<?xml version="1.0" encoding="UTF-8" ?>
<testsuite errors="1" failures="0" hostname="DESKTOP-M4182DS" name="com.mark.scannerTest" skipped="0" tests="1" time="0.252" timestamp="2021-03-08T15:18:47">
  <properties>
[...]
</properties>
  <testcase classname="com.mark.scannerTest" name="initializationError" time="0.081">
    <error message="No runnable methods" type="java.lang.Exception">java.lang.Exception: No runnable methods
	at java.lang.reflect.Constructor.newInstance(Unknown Source)
</error>
  </testcase>
  <system-out><![CDATA[]]></system-out>
  <system-err><![CDATA[]]></system-err>
</testsuite>
