<?xml version="1.0" encoding="UTF-8" ?>
<testsuite errors="0" failures="0" hostname="DESKTOP-M4182DS" name="com.test.MessageUtilTest" skipped="0" tests="1" time="0.04" timestamp="2021-03-08T15:18:53">
  <properties>
[...]
</properties>
  <testcase classname="com.test.MessageUtilTest" name="testPrintMessage" time="0.002" />
  <system-out><![CDATA[20:48:52,864 |-INFO in ch.qos.logback.classic.LoggerContext[default] - Could NOT find resource [logback.groovy]
20:48:52,865 |-INFO in ch.qos.logback.classic.LoggerContext[default] - Could NOT find resource [logback-test.xml]
20:48:52,865 |-INFO in ch.qos.logback.classic.LoggerContext[default] - Found resource [logback.xml] at [jar:file:/C:/Tools/cobertura-2.1.1/cobertura-2.1.1-sources.jar!/logback.xml]
20:48:52,866 |-WARN in ch.qos.logback.classic.LoggerContext[default] - Resource [logback.xml] occurs multiple times on the classpath.
20:48:52,867 |-WARN in ch.qos.logback.classic.LoggerContext[default] - Resource [logback.xml] occurs at [jar:file:/C:/Tools/cobertura-2.1.1/cobertura-2.1.1-sources.jar!/logback.xml]
20:48:52,867 |-WARN in ch.qos.logback.classic.LoggerContext[default] - Resource [logback.xml] occurs at [jar:file:/C:/Tools/cobertura-2.1.1/cobertura-2.1.1.jar!/logback.xml]
20:48:52,908 |-INFO in ch.qos.logback.core.joran.spi.ConfigurationWatchList@5a39699c - URL [jar:file:/C:/Tools/cobertura-2.1.1/cobertura-2.1.1-sources.jar!/logback.xml] is not of type file
20:48:53,131 |-INFO in ch.qos.logback.classic.joran.action.ConfigurationAction - debug attribute not set
20:48:53,182 |-INFO in ch.qos.logback.core.joran.action.AppenderAction - About to instantiate appender of type [ch.qos.logback.core.ConsoleAppender]
20:48:53,210 |-INFO in ch.qos.logback.core.joran.action.AppenderAction - Naming appender as [STDOUT]
20:48:53,280 |-INFO in ch.qos.logback.core.joran.action.NestedComplexPropertyIA - Assuming default type [ch.qos.logback.classic.encoder.PatternLayoutEncoder] for [encoder] property
20:48:53,454 |-INFO in ch.qos.logback.classic.joran.action.LoggerAction - Setting level of logger [net.sourceforge.cobertura] to INFO
20:48:53,454 |-INFO in ch.qos.logback.classic.joran.action.RootLoggerAction - Setting level of ROOT logger to DEBUG
20:48:53,454 |-INFO in ch.qos.logback.core.joran.action.AppenderRefAction - Attaching appender named [STDOUT] to Logger[ROOT]
20:48:53,456 |-INFO in ch.qos.logback.classic.joran.action.ConfigurationAction - End of configuration.
20:48:53,460 |-INFO in ch.qos.logback.classic.joran.JoranConfigurator@3cb5cdba - Registering current configuration as safe fallback point

This is constructor
Hello World
]]></system-out>
  <system-err><![CDATA[]]></system-err>
</testsuite>
